[2020-02-19 15:10:44] Port not set in .env
[2020-02-19 15:10:59] listen tcp :1010: bind: address already in use
[2020-02-19 15:12:16] open views/errors/404.html: no such file or directory
[2020-02-20 10:32:58] listen tcp :2010: bind: address already in use
[2020-02-29 12:41:27] template: app.gohtml:47:29: executing "app" at <.Message>: can't evaluate field Message in type controllers.Details
[2020-02-29 16:56:38] template: app.gohtml:47:29: executing "app" at <.Message>: can't evaluate field Message in type controllers.Error
[2020-03-02 10:32:49] dial tcp [::1]:3306: connect: connection refused
[2020-03-03 22:41:23] template: app.gohtml:47:29: executing "app" at <.Message>: can't evaluate field Message in type uint8
[2020-03-03 22:41:30] template: app.gohtml:47:29: executing "app" at <.Message>: can't evaluate field Message in type uint8
[2020-03-03 22:41:33] template: app.gohtml:47:29: executing "app" at <.Message>: can't evaluate field Message in type uint8
[2020-03-03 22:46:58] template: app.gohtml:47:29: executing "app" at <.Message>: can't evaluate field Message in type uint8
[2020-03-03 23:55:42] sql: unknown driver "mysql" (forgotten import?)
[2020-03-03 23:57:38] sql: unknown driver "mysql" (forgotten import?)
[2020-03-03 23:58:01] dial tcp: lookup lagos-hangouts2: no such host
[2020-03-11 21:52:24] dial tcp [::1]:3306: connect: connection refused
[2020-03-21 21:06:13] {"status":"error","message":"Transaction not found","data":{"code":"NO_TX","message":"Transaction not found"}}
[2020-03-22 15:44:57] Something went wrong here sha 3
[2020-03-22 15:45:07] Something went wrong here sha 3
[2020-03-22 15:59:59] Something went wrong here sha 3
[2020-03-22 16:16:33] {"status":"error","message":"Transaction not found","data":{"code":"NO_TX","message":"Transaction not found"}}
[2020-03-22 17:04:26] Something went wrong here sha 3
[2020-03-28 23:51:42] listen tcp :8000: bind: address already in use
[2020-03-29 11:02:03] listen tcp :8000: bind: address already in use
[2020-03-29 12:20:05] dial tcp [::1]:3306: connect: connection refused
[2020-04-05 23:27:43] dial tcp [::1]:3306: connect: connection refused
[2020-04-11 09:16:47] dial tcp [::1]:3306: connect: connection refused
[2020-04-11 15:33:56] sql: unknown driver "mysql" (forgotten import?)
[2020-04-18 16:29:53] dial tcp 127.0.0.1:3306: connect: connection refused
[2020-05-21 21:07:36] dial tcp [::1]:3306: connect: connection refused
[2020-05-23 19:42:38] record not found
[2020-05-23 20:04:41] record not found
[2020-05-23 20:05:06] record not found
[2020-05-24 18:34:54] {"status":"error","message":"merchant secret key required","data":null}
[2020-05-24 18:35:40] {"status":"error","message":"merchant secret key required","data":null}
[2020-05-24 21:41:01] Post https://ravesandboxapi.flutterwave.com/flwv3-pug/getpaidx/api/v2/verify: net/http: request canceled while waiting for connection (Client.Timeout exceeded while awaiting headers)
[2020-05-24 21:41:02] Something went wrong here sha 3
[2020-05-24 21:44:53] {"status":"error","message":"merchant secret key required","data":null}
[2020-05-24 21:45:22] {"status":"error","message":"merchant secret key required","data":null}
[2020-05-24 21:50:36] {"status":"error","message":"merchant secret key required","data":null}
[2020-05-24 22:00:06] {"status":"error","message":"merchant secret key required","data":null}
[2020-05-24 22:00:22] {"status":"error","message":"merchant secret key required","data":null}
[2020-05-24 22:00:33] {"status":"error","message":"merchant secret key required","data":null}
[2020-05-24 22:01:29] {"status":"error","message":"merchant secret key required","data":null}
[2020-05-24 22:03:16] {"status":"error","message":"merchant secret key required","data":null}
[2020-05-24 22:13:20] {"status":"error","message":"merchant secret key required","data":null}
[2020-05-24 22:21:42] {"status":"error","message":"merchant secret key required","data":null}
[2020-05-24 22:24:55] {"status":"error","message":"merchant secret key required","data":null}
[2020-05-24 22:29:27] {"status":"error","message":"merchant secret key required","data":null}
[2020-05-25 11:42:26] Post https://ravesandboxapi.flutterwave.com/flwv3-pug/getpaidx/api/v2/verify: dial tcp: lookup ravesandboxapi.flutterwave.com: no such host
[2020-05-25 11:42:26] Something went wrong here sha 3
[2020-05-25 13:48:57] Post https://ravesandboxapi.flutterwave.com/flwv3-pug/getpaidx/api/v2/verify: net/http: request canceled while waiting for connection (Client.Timeout exceeded while awaiting headers)
[2020-05-25 13:48:57] Something went wrong here sha 3
[2020-05-25 15:05:44] {"status":"error","message":"Transaction not found","data":{"code":"NO_TX","message":"Transaction not found"}}
